############################
# CONTROL FILE INFORMATION #
############################

prot         = 1cli
charmm_exec  = /storage/home/dan182/work/software/charmm/executables/c35b5_deby_doubang_pull/charmm
timestp      = 0.015
fbsolu       = 0.050
steps        = 10000000
batht        = 310
post_script  = charmm_scripts/post_trans_dwell_binary.inp
top          = multidom/1cli/inpfiles/1cli_rnc_complex.top
param        = multidom/1cli/inpfiles/1cli_rnc_complex.prm
max_res      = 345
log_file_dir = multidom/1cli/outfiles/
output_dir   = multidom/1cli/output/

############################
#  BEGIN POST-TRANS LOOP   #
############################

Post-trans command    : /storage/home/dan182/work/software/charmm/executables/c35b5_deby_doubang_pull/charmm < charmm_scripts/post_trans_dwell_binary.inp traj=1 rand=697820011 top=multidom/1cli/inpfiles/1cli_rnc_complex.top param=multidom/1cli/inpfiles/1cli_rnc_complex.prm psf=multidom/1cli/output/1_r345_trans_term_1cli.psf cor=multidom/1cli/output/1_r345_trans_term_1cli.cor num=1 trajname=multidom/1cli/output/1_i1_post_trans_1cli.dcd resout=multidom/1cli/output/1_i1_post_trans_1cli.res timestp=0.015 batht=310 outcor=multidom/1cli/output/1_i1_post_trans_1cli.cor steps=10000000 >> multidom/1cli/outfiles/1_post_trans.out
Iteration complete at : 2018-07-25 21:17:51.840553
Elapsed time          : 23066.6534781 s, 23066.6534781/2592000.0=0.889917186657%

Restarting run from   : multidom/1cli/output/1_i1_post_trans_1cli.res
Post-trans command    : /storage/home/dan182/work/software/charmm/executables/c35b5_deby_doubang_pull/charmm < charmm_scripts/post_trans_dwell_binary.inp traj=1 rand=990537809 top=multidom/1cli/inpfiles/1cli_rnc_complex.top param=multidom/1cli/inpfiles/1cli_rnc_complex.prm psf=multidom/1cli/output/1_r345_trans_term_1cli.psf cor=multidom/1cli/output/1_i1_post_trans_1cli.cor num=2 trajname=multidom/1cli/output/1_i2_post_trans_1cli.dcd resout=multidom/1cli/output/1_i2_post_trans_1cli.res timestp=0.015 batht=310 outcor=multidom/1cli/output/1_i2_post_trans_1cli.cor resin=multidom/1cli/output/1_i1_post_trans_1cli.res steps=10000000 >> multidom/1cli/outfiles/1_post_trans.out
Iteration complete at : 2018-07-26 03:34:55.683070
Elapsed time          : 45690.500922 s, 45690.500922/2592000.0=1.76275080717%

Restarting run from   : multidom/1cli/output/1_i2_post_trans_1cli.res
Post-trans command    : /storage/home/dan182/work/software/charmm/executables/c35b5_deby_doubang_pull/charmm < charmm_scripts/post_trans_dwell_binary.inp traj=1 rand=795738068 top=multidom/1cli/inpfiles/1cli_rnc_complex.top param=multidom/1cli/inpfiles/1cli_rnc_complex.prm psf=multidom/1cli/output/1_r345_trans_term_1cli.psf cor=multidom/1cli/output/1_i2_post_trans_1cli.cor num=3 trajname=multidom/1cli/output/1_i3_post_trans_1cli.dcd resout=multidom/1cli/output/1_i3_post_trans_1cli.res timestp=0.015 batht=310 outcor=multidom/1cli/output/1_i3_post_trans_1cli.cor resin=multidom/1cli/output/1_i2_post_trans_1cli.res steps=10000000 >> multidom/1cli/outfiles/1_post_trans.out
Iteration complete at : 2018-07-26 09:55:58.595681
Elapsed time          : 68553.412555 s, 68553.412555/2592000.0=2.64480758314%

Restarting run from   : multidom/1cli/output/1_i3_post_trans_1cli.res
Post-trans command    : /storage/home/dan182/work/software/charmm/executables/c35b5_deby_doubang_pull/charmm < charmm_scripts/post_trans_dwell_binary.inp traj=1 rand=853561187 top=multidom/1cli/inpfiles/1cli_rnc_complex.top param=multidom/1cli/inpfiles/1cli_rnc_complex.prm psf=multidom/1cli/output/1_r345_trans_term_1cli.psf cor=multidom/1cli/output/1_i3_post_trans_1cli.cor num=4 trajname=multidom/1cli/output/1_i4_post_trans_1cli.dcd resout=multidom/1cli/output/1_i4_post_trans_1cli.res timestp=0.015 batht=310 outcor=multidom/1cli/output/1_i4_post_trans_1cli.cor resin=multidom/1cli/output/1_i3_post_trans_1cli.res steps=10000000 >> multidom/1cli/outfiles/1_post_trans.out
Iteration complete at : 2018-07-26 17:28:56.316080
Elapsed time          : 95731.1228549 s, 95731.1228549/2592000.0=3.69333035706%

Restarting run from   : multidom/1cli/output/1_i4_post_trans_1cli.res
Post-trans command    : /storage/home/dan182/work/software/charmm/executables/c35b5_deby_doubang_pull/charmm < charmm_scripts/post_trans_dwell_binary.inp traj=1 rand=477293381 top=multidom/1cli/inpfiles/1cli_rnc_complex.top param=multidom/1cli/inpfiles/1cli_rnc_complex.prm psf=multidom/1cli/output/1_r345_trans_term_1cli.psf cor=multidom/1cli/output/1_i4_post_trans_1cli.cor num=5 trajname=multidom/1cli/output/1_i5_post_trans_1cli.dcd resout=multidom/1cli/output/1_i5_post_trans_1cli.res timestp=0.015 batht=310 outcor=multidom/1cli/output/1_i5_post_trans_1cli.cor resin=multidom/1cli/output/1_i4_post_trans_1cli.res steps=10000000 >> multidom/1cli/outfiles/1_post_trans.out
Iteration complete at : 2018-07-27 02:48:14.934407
Elapsed time          : 129289.748752 s, 129289.748752/2592000.0=4.98803043025%

Restarting run from   : multidom/1cli/output/1_i5_post_trans_1cli.res
Post-trans command    : /storage/home/dan182/work/software/charmm/executables/c35b5_deby_doubang_pull/charmm < charmm_scripts/post_trans_dwell_binary.inp traj=1 rand=391460489 top=multidom/1cli/inpfiles/1cli_rnc_complex.top param=multidom/1cli/inpfiles/1cli_rnc_complex.prm psf=multidom/1cli/output/1_r345_trans_term_1cli.psf cor=multidom/1cli/output/1_i5_post_trans_1cli.cor num=6 trajname=multidom/1cli/output/1_i6_post_trans_1cli.dcd resout=multidom/1cli/output/1_i6_post_trans_1cli.res timestp=0.015 batht=310 outcor=multidom/1cli/output/1_i6_post_trans_1cli.cor resin=multidom/1cli/output/1_i5_post_trans_1cli.res steps=10000000 >> multidom/1cli/outfiles/1_post_trans.out
Iteration complete at : 2018-07-27 12:15:11.873785
Elapsed time          : 163306.698453 s, 163306.698453/2592000.0=6.30041274896%

Restarting run from   : multidom/1cli/output/1_i6_post_trans_1cli.res
Post-trans command    : /storage/home/dan182/work/software/charmm/executables/c35b5_deby_doubang_pull/charmm < charmm_scripts/post_trans_dwell_binary.inp traj=1 rand=403448189 top=multidom/1cli/inpfiles/1cli_rnc_complex.top param=multidom/1cli/inpfiles/1cli_rnc_complex.prm psf=multidom/1cli/output/1_r345_trans_term_1cli.psf cor=multidom/1cli/output/1_i6_post_trans_1cli.cor num=7 trajname=multidom/1cli/output/1_i7_post_trans_1cli.dcd resout=multidom/1cli/output/1_i7_post_trans_1cli.res timestp=0.015 batht=310 outcor=multidom/1cli/output/1_i7_post_trans_1cli.cor resin=multidom/1cli/output/1_i6_post_trans_1cli.res steps=10000000 >> multidom/1cli/outfiles/1_post_trans.out
Iteration complete at : 2018-07-27 21:43:04.699348
Elapsed time          : 197379.526467 s, 197379.526467/2592000.0=7.61495086679%

Restarting run from   : multidom/1cli/output/1_i7_post_trans_1cli.res
Post-trans command    : /storage/home/dan182/work/software/charmm/executables/c35b5_deby_doubang_pull/charmm < charmm_scripts/post_trans_dwell_binary.inp traj=1 rand=629294738 top=multidom/1cli/inpfiles/1cli_rnc_complex.top param=multidom/1cli/inpfiles/1cli_rnc_complex.prm psf=multidom/1cli/output/1_r345_trans_term_1cli.psf cor=multidom/1cli/output/1_i7_post_trans_1cli.cor num=8 trajname=multidom/1cli/output/1_i8_post_trans_1cli.dcd resout=multidom/1cli/output/1_i8_post_trans_1cli.res timestp=0.015 batht=310 outcor=multidom/1cli/output/1_i8_post_trans_1cli.cor resin=multidom/1cli/output/1_i7_post_trans_1cli.res steps=10000000 >> multidom/1cli/outfiles/1_post_trans.out
Iteration complete at : 2018-07-28 07:18:47.320106
Elapsed time          : 231922.127041 s, 231922.127041/2592000.0=8.94761292597%

Restarting run from   : multidom/1cli/output/1_i8_post_trans_1cli.res
Post-trans command    : /storage/home/dan182/work/software/charmm/executables/c35b5_deby_doubang_pull/charmm < charmm_scripts/post_trans_dwell_binary.inp traj=1 rand=675709789 top=multidom/1cli/inpfiles/1cli_rnc_complex.top param=multidom/1cli/inpfiles/1cli_rnc_complex.prm psf=multidom/1cli/output/1_r345_trans_term_1cli.psf cor=multidom/1cli/output/1_i8_post_trans_1cli.cor num=9 trajname=multidom/1cli/output/1_i9_post_trans_1cli.dcd resout=multidom/1cli/output/1_i9_post_trans_1cli.res timestp=0.015 batht=310 outcor=multidom/1cli/output/1_i9_post_trans_1cli.cor resin=multidom/1cli/output/1_i8_post_trans_1cli.res steps=10000000 >> multidom/1cli/outfiles/1_post_trans.out
Iteration complete at : 2018-07-28 16:38:01.724044
Elapsed time          : 265476.537844 s, 265476.537844/2592000.0=10.2421503798%

Restarting run from   : multidom/1cli/output/1_i9_post_trans_1cli.res
Post-trans command    : /storage/home/dan182/work/software/charmm/executables/c35b5_deby_doubang_pull/charmm < charmm_scripts/post_trans_dwell_binary.inp traj=1 rand=115213711 top=multidom/1cli/inpfiles/1cli_rnc_complex.top param=multidom/1cli/inpfiles/1cli_rnc_complex.prm psf=multidom/1cli/output/1_r345_trans_term_1cli.psf cor=multidom/1cli/output/1_i9_post_trans_1cli.cor num=10 trajname=multidom/1cli/output/1_i10_post_trans_1cli.dcd resout=multidom/1cli/output/1_i10_post_trans_1cli.res timestp=0.015 batht=310 outcor=multidom/1cli/output/1_i10_post_trans_1cli.cor resin=multidom/1cli/output/1_i9_post_trans_1cli.res steps=10000000 >> multidom/1cli/outfiles/1_post_trans.out
Iteration complete at : 2018-07-29 02:18:36.361066
Elapsed time          : 300311.174388 s, 300311.174388/2592000.0=11.5860792588%

Restarting run from   : multidom/1cli/output/1_i10_post_trans_1cli.res
Post-trans command    : /storage/home/dan182/work/software/charmm/executables/c35b5_deby_doubang_pull/charmm < charmm_scripts/post_trans_dwell_binary.inp traj=1 rand=998990827 top=multidom/1cli/inpfiles/1cli_rnc_complex.top param=multidom/1cli/inpfiles/1cli_rnc_complex.prm psf=multidom/1cli/output/1_r345_trans_term_1cli.psf cor=multidom/1cli/output/1_i10_post_trans_1cli.cor num=11 trajname=multidom/1cli/output/1_i11_post_trans_1cli.dcd resout=multidom/1cli/output/1_i11_post_trans_1cli.res timestp=0.015 batht=310 outcor=multidom/1cli/output/1_i11_post_trans_1cli.cor resin=multidom/1cli/output/1_i10_post_trans_1cli.res steps=10000000 >> multidom/1cli/outfiles/1_post_trans.out
Iteration complete at : 2018-07-29 12:46:38.225767
Elapsed time          : 337993.038441 s, 337993.038441/2592000.0=13.0398548781%

Restarting run from   : multidom/1cli/output/1_i11_post_trans_1cli.res
Post-trans command    : /storage/home/dan182/work/software/charmm/executables/c35b5_deby_doubang_pull/charmm < charmm_scripts/post_trans_dwell_binary.inp traj=1 rand=130631368 top=multidom/1cli/inpfiles/1cli_rnc_complex.top param=multidom/1cli/inpfiles/1cli_rnc_complex.prm psf=multidom/1cli/output/1_r345_trans_term_1cli.psf cor=multidom/1cli/output/1_i11_post_trans_1cli.cor num=12 trajname=multidom/1cli/output/1_i12_post_trans_1cli.dcd resout=multidom/1cli/output/1_i12_post_trans_1cli.res timestp=0.015 batht=310 outcor=multidom/1cli/output/1_i12_post_trans_1cli.cor resin=multidom/1cli/output/1_i11_post_trans_1cli.res steps=10000000 >> multidom/1cli/outfiles/1_post_trans.out
Iteration complete at : 2018-07-29 23:16:49.058263
Elapsed time          : 375803.881587 s, 375803.881587/2592000.0=14.4986065427%

Restarting run from   : multidom/1cli/output/1_i12_post_trans_1cli.res
Post-trans command    : /storage/home/dan182/work/software/charmm/executables/c35b5_deby_doubang_pull/charmm < charmm_scripts/post_trans_dwell_binary.inp traj=1 rand=643628622 top=multidom/1cli/inpfiles/1cli_rnc_complex.top param=multidom/1cli/inpfiles/1cli_rnc_complex.prm psf=multidom/1cli/output/1_r345_trans_term_1cli.psf cor=multidom/1cli/output/1_i12_post_trans_1cli.cor num=13 trajname=multidom/1cli/output/1_i13_post_trans_1cli.dcd resout=multidom/1cli/output/1_i13_post_trans_1cli.res timestp=0.015 batht=310 outcor=multidom/1cli/output/1_i13_post_trans_1cli.cor resin=multidom/1cli/output/1_i12_post_trans_1cli.res steps=10000000 >> multidom/1cli/outfiles/1_post_trans.out
Iteration complete at : 2018-07-30 09:44:35.581734
Elapsed time          : 413470.627382 s, 413470.627382/2592000.0=15.9517988959%

Restarting run from   : multidom/1cli/output/1_i13_post_trans_1cli.res
Post-trans command    : /storage/home/dan182/work/software/charmm/executables/c35b5_deby_doubang_pull/charmm < charmm_scripts/post_trans_dwell_binary.inp traj=1 rand=484516464 top=multidom/1cli/inpfiles/1cli_rnc_complex.top param=multidom/1cli/inpfiles/1cli_rnc_complex.prm psf=multidom/1cli/output/1_r345_trans_term_1cli.psf cor=multidom/1cli/output/1_i13_post_trans_1cli.cor num=14 trajname=multidom/1cli/output/1_i14_post_trans_1cli.dcd resout=multidom/1cli/output/1_i14_post_trans_1cli.res timestp=0.015 batht=310 outcor=multidom/1cli/output/1_i14_post_trans_1cli.cor resin=multidom/1cli/output/1_i13_post_trans_1cli.res steps=10000000 >> multidom/1cli/outfiles/1_post_trans.out
Iteration complete at : 2018-07-31 00:38:53.275729
Elapsed time          : 467128.261324 s, 467128.261324/2592000.0=18.0219236622%

Restarting run from   : multidom/1cli/output/1_i14_post_trans_1cli.res
Post-trans command    : /storage/home/dan182/work/software/charmm/executables/c35b5_deby_doubang_pull/charmm < charmm_scripts/post_trans_dwell_binary.inp traj=1 rand=658248366 top=multidom/1cli/inpfiles/1cli_rnc_complex.top param=multidom/1cli/inpfiles/1cli_rnc_complex.prm psf=multidom/1cli/output/1_r345_trans_term_1cli.psf cor=multidom/1cli/output/1_i14_post_trans_1cli.cor num=15 trajname=multidom/1cli/output/1_i15_post_trans_1cli.dcd resout=multidom/1cli/output/1_i15_post_trans_1cli.res timestp=0.015 batht=310 outcor=multidom/1cli/output/1_i15_post_trans_1cli.cor resin=multidom/1cli/output/1_i14_post_trans_1cli.res steps=10000000 >> multidom/1cli/outfiles/1_post_trans.out
Iteration complete at : 2018-07-31 16:50:17.338237
Elapsed time          : 525412.150802 s, 525412.150802/2592000.0=20.2705305093%

Restarting run from   : multidom/1cli/output/1_i15_post_trans_1cli.res
Post-trans command    : /storage/home/dan182/work/software/charmm/executables/c35b5_deby_doubang_pull/charmm < charmm_scripts/post_trans_dwell_binary.inp traj=1 rand=505141738 top=multidom/1cli/inpfiles/1cli_rnc_complex.top param=multidom/1cli/inpfiles/1cli_rnc_complex.prm psf=multidom/1cli/output/1_r345_trans_term_1cli.psf cor=multidom/1cli/output/1_i15_post_trans_1cli.cor num=16 trajname=multidom/1cli/output/1_i16_post_trans_1cli.dcd resout=multidom/1cli/output/1_i16_post_trans_1cli.res timestp=0.015 batht=310 outcor=multidom/1cli/output/1_i16_post_trans_1cli.cor resin=multidom/1cli/output/1_i15_post_trans_1cli.res steps=10000000 >> multidom/1cli/outfiles/1_post_trans.out

############################
# RESTARTING AT I = 16     #
############################


Setting internal timer to 525412.2 seconds.

############################
# CONTROL FILE INFORMATION #
############################

prot         = 1cli
charmm_exec  = /storage/home/dan182/work/software/charmm/executables/c35b5_deby_doubang_pull/charmm
timestp      = 0.015
fbsolu       = 0.050
steps        = 10000000
batht        = 310
post_script  = charmm_scripts/post_trans_dwell_binary.inp
top          = multidom/1cli/inpfiles/1cli_rnc_complex.top
param        = multidom/1cli/inpfiles/1cli_rnc_complex.prm
max_res      = 345
log_file_dir = multidom/1cli/outfiles/
output_dir   = multidom/1cli/output/
restart      = 1
iteration    = 16

############################
#  BEGIN POST-TRANS LOOP   #
############################

Restarting run from   : multidom/1cli/output/1_i15_post_trans_1cli.res
Post-trans command    : /storage/home/dan182/work/software/charmm/executables/c35b5_deby_doubang_pull/charmm < charmm_scripts/post_trans_dwell_binary.inp traj=1 rand=477906330 top=multidom/1cli/inpfiles/1cli_rnc_complex.top param=multidom/1cli/inpfiles/1cli_rnc_complex.prm psf=multidom/1cli/output/1_r345_trans_term_1cli.psf cor=multidom/1cli/output/1_i15_post_trans_1cli.cor num=16 trajname=multidom/1cli/output/1_i16_post_trans_1cli.dcd resout=multidom/1cli/output/1_i16_post_trans_1cli.res timestp=0.015 batht=310 outcor=multidom/1cli/output/1_i16_post_trans_1cli.cor resin=multidom/1cli/output/1_i15_post_trans_1cli.res steps=10000000 >> multidom/1cli/outfiles/1_post_trans.out
Iteration complete at : 2018-08-03 00:29:59.993868
Elapsed time          : 563386.028167 s, 563386.028167/2592000.0=21.7355720743%

Restarting run from   : multidom/1cli/output/1_i16_post_trans_1cli.res
Post-trans command    : /storage/home/dan182/work/software/charmm/executables/c35b5_deby_doubang_pull/charmm < charmm_scripts/post_trans_dwell_binary.inp traj=1 rand=966299170 top=multidom/1cli/inpfiles/1cli_rnc_complex.top param=multidom/1cli/inpfiles/1cli_rnc_complex.prm psf=multidom/1cli/output/1_r345_trans_term_1cli.psf cor=multidom/1cli/output/1_i16_post_trans_1cli.cor num=17 trajname=multidom/1cli/output/1_i17_post_trans_1cli.dcd resout=multidom/1cli/output/1_i17_post_trans_1cli.res timestp=0.015 batht=310 outcor=multidom/1cli/output/1_i17_post_trans_1cli.cor resin=multidom/1cli/output/1_i16_post_trans_1cli.res steps=10000000 >> multidom/1cli/outfiles/1_post_trans.out
Iteration complete at : 2018-08-03 11:01:23.227813
Elapsed time          : 601269.276779 s, 601269.276779/2592000.0=23.1971171597%

Restarting run from   : multidom/1cli/output/1_i17_post_trans_1cli.res
Post-trans command    : /storage/home/dan182/work/software/charmm/executables/c35b5_deby_doubang_pull/charmm < charmm_scripts/post_trans_dwell_binary.inp traj=1 rand=365183182 top=multidom/1cli/inpfiles/1cli_rnc_complex.top param=multidom/1cli/inpfiles/1cli_rnc_complex.prm psf=multidom/1cli/output/1_r345_trans_term_1cli.psf cor=multidom/1cli/output/1_i17_post_trans_1cli.cor num=18 trajname=multidom/1cli/output/1_i18_post_trans_1cli.dcd resout=multidom/1cli/output/1_i18_post_trans_1cli.res timestp=0.015 batht=310 outcor=multidom/1cli/output/1_i18_post_trans_1cli.cor resin=multidom/1cli/output/1_i17_post_trans_1cli.res steps=10000000 >> multidom/1cli/outfiles/1_post_trans.out
Iteration complete at : 2018-08-03 21:35:24.724923
Elapsed time          : 639310.769923 s, 639310.769923/2592000.0=24.6647673581%

Restarting run from   : multidom/1cli/output/1_i18_post_trans_1cli.res
Post-trans command    : /storage/home/dan182/work/software/charmm/executables/c35b5_deby_doubang_pull/charmm < charmm_scripts/post_trans_dwell_binary.inp traj=1 rand=644341631 top=multidom/1cli/inpfiles/1cli_rnc_complex.top param=multidom/1cli/inpfiles/1cli_rnc_complex.prm psf=multidom/1cli/output/1_r345_trans_term_1cli.psf cor=multidom/1cli/output/1_i18_post_trans_1cli.cor num=19 trajname=multidom/1cli/output/1_i19_post_trans_1cli.dcd resout=multidom/1cli/output/1_i19_post_trans_1cli.res timestp=0.015 batht=310 outcor=multidom/1cli/output/1_i19_post_trans_1cli.cor resin=multidom/1cli/output/1_i18_post_trans_1cli.res steps=10000000 >> multidom/1cli/outfiles/1_post_trans.out
Iteration complete at : 2018-08-04 08:02:42.612532
Elapsed time          : 676948.646112 s, 676948.646112/2592000.0=26.1168459148%

Restarting run from   : multidom/1cli/output/1_i19_post_trans_1cli.res
Post-trans command    : /storage/home/dan182/work/software/charmm/executables/c35b5_deby_doubang_pull/charmm < charmm_scripts/post_trans_dwell_binary.inp traj=1 rand=414027196 top=multidom/1cli/inpfiles/1cli_rnc_complex.top param=multidom/1cli/inpfiles/1cli_rnc_complex.prm psf=multidom/1cli/output/1_r345_trans_term_1cli.psf cor=multidom/1cli/output/1_i19_post_trans_1cli.cor num=20 trajname=multidom/1cli/output/1_i20_post_trans_1cli.dcd resout=multidom/1cli/output/1_i20_post_trans_1cli.res timestp=0.015 batht=310 outcor=multidom/1cli/output/1_i20_post_trans_1cli.cor resin=multidom/1cli/output/1_i19_post_trans_1cli.res steps=10000000 >> multidom/1cli/outfiles/1_post_trans.out
Iteration complete at : 2018-08-04 18:38:06.863613
Elapsed time          : 715072.918803 s, 715072.918803/2592000.0=27.5876897686%

Restarting run from   : multidom/1cli/output/1_i20_post_trans_1cli.res
Post-trans command    : /storage/home/dan182/work/software/charmm/executables/c35b5_deby_doubang_pull/charmm < charmm_scripts/post_trans_dwell_binary.inp traj=1 rand=624360694 top=multidom/1cli/inpfiles/1cli_rnc_complex.top param=multidom/1cli/inpfiles/1cli_rnc_complex.prm psf=multidom/1cli/output/1_r345_trans_term_1cli.psf cor=multidom/1cli/output/1_i20_post_trans_1cli.cor num=21 trajname=multidom/1cli/output/1_i21_post_trans_1cli.dcd resout=multidom/1cli/output/1_i21_post_trans_1cli.res timestp=0.015 batht=310 outcor=multidom/1cli/output/1_i21_post_trans_1cli.cor resin=multidom/1cli/output/1_i20_post_trans_1cli.res steps=10000000 >> multidom/1cli/outfiles/1_post_trans.out
Iteration complete at : 2018-08-05 05:17:59.377346
Elapsed time          : 753465.410716 s, 753465.410716/2592000.0=29.0688815863%

Restarting run from   : multidom/1cli/output/1_i21_post_trans_1cli.res
Post-trans command    : /storage/home/dan182/work/software/charmm/executables/c35b5_deby_doubang_pull/charmm < charmm_scripts/post_trans_dwell_binary.inp traj=1 rand=522184615 top=multidom/1cli/inpfiles/1cli_rnc_complex.top param=multidom/1cli/inpfiles/1cli_rnc_complex.prm psf=multidom/1cli/output/1_r345_trans_term_1cli.psf cor=multidom/1cli/output/1_i21_post_trans_1cli.cor num=22 trajname=multidom/1cli/output/1_i22_post_trans_1cli.dcd resout=multidom/1cli/output/1_i22_post_trans_1cli.res timestp=0.015 batht=310 outcor=multidom/1cli/output/1_i22_post_trans_1cli.cor resin=multidom/1cli/output/1_i21_post_trans_1cli.res steps=10000000 >> multidom/1cli/outfiles/1_post_trans.out
Iteration complete at : 2018-08-05 15:46:43.484044
Elapsed time          : 791189.534408 s, 791189.534408/2592000.0=30.5242875929%

Restarting run from   : multidom/1cli/output/1_i22_post_trans_1cli.res
Post-trans command    : /storage/home/dan182/work/software/charmm/executables/c35b5_deby_doubang_pull/charmm < charmm_scripts/post_trans_dwell_binary.inp traj=1 rand=186359794 top=multidom/1cli/inpfiles/1cli_rnc_complex.top param=multidom/1cli/inpfiles/1cli_rnc_complex.prm psf=multidom/1cli/output/1_r345_trans_term_1cli.psf cor=multidom/1cli/output/1_i22_post_trans_1cli.cor num=23 trajname=multidom/1cli/output/1_i23_post_trans_1cli.dcd resout=multidom/1cli/output/1_i23_post_trans_1cli.res timestp=0.015 batht=310 outcor=multidom/1cli/output/1_i23_post_trans_1cli.cor resin=multidom/1cli/output/1_i22_post_trans_1cli.res steps=10000000 >> multidom/1cli/outfiles/1_post_trans.out
Iteration complete at : 2018-08-06 02:14:40.398359
Elapsed time          : 828866.431917 s, 828866.431917/2592000.0=31.9778716017%

Restarting run from   : multidom/1cli/output/1_i23_post_trans_1cli.res
Post-trans command    : /storage/home/dan182/work/software/charmm/executables/c35b5_deby_doubang_pull/charmm < charmm_scripts/post_trans_dwell_binary.inp traj=1 rand=645243400 top=multidom/1cli/inpfiles/1cli_rnc_complex.top param=multidom/1cli/inpfiles/1cli_rnc_complex.prm psf=multidom/1cli/output/1_r345_trans_term_1cli.psf cor=multidom/1cli/output/1_i23_post_trans_1cli.cor num=24 trajname=multidom/1cli/output/1_i24_post_trans_1cli.dcd resout=multidom/1cli/output/1_i24_post_trans_1cli.res timestp=0.015 batht=310 outcor=multidom/1cli/output/1_i24_post_trans_1cli.cor resin=multidom/1cli/output/1_i23_post_trans_1cli.res steps=10000000 >> multidom/1cli/outfiles/1_post_trans.out
Iteration complete at : 2018-08-06 12:46:13.224416
Elapsed time          : 866759.339976 s, 866759.339976/2592000.0=33.4397893509%

Restarting run from   : multidom/1cli/output/1_i24_post_trans_1cli.res
Post-trans command    : /storage/home/dan182/work/software/charmm/executables/c35b5_deby_doubang_pull/charmm < charmm_scripts/post_trans_dwell_binary.inp traj=1 rand=787484222 top=multidom/1cli/inpfiles/1cli_rnc_complex.top param=multidom/1cli/inpfiles/1cli_rnc_complex.prm psf=multidom/1cli/output/1_r345_trans_term_1cli.psf cor=multidom/1cli/output/1_i24_post_trans_1cli.cor num=25 trajname=multidom/1cli/output/1_i25_post_trans_1cli.dcd resout=multidom/1cli/output/1_i25_post_trans_1cli.res timestp=0.015 batht=310 outcor=multidom/1cli/output/1_i25_post_trans_1cli.cor resin=multidom/1cli/output/1_i24_post_trans_1cli.res steps=10000000 >> multidom/1cli/outfiles/1_post_trans.out
Iteration complete at : 2018-08-06 23:14:51.714310
Elapsed time          : 904477.759483 s, 904477.759483/2592000.0=34.8949752887%

Restarting run from   : multidom/1cli/output/1_i25_post_trans_1cli.res
Post-trans command    : /storage/home/dan182/work/software/charmm/executables/c35b5_deby_doubang_pull/charmm < charmm_scripts/post_trans_dwell_binary.inp traj=1 rand=224099805 top=multidom/1cli/inpfiles/1cli_rnc_complex.top param=multidom/1cli/inpfiles/1cli_rnc_complex.prm psf=multidom/1cli/output/1_r345_trans_term_1cli.psf cor=multidom/1cli/output/1_i25_post_trans_1cli.cor num=26 trajname=multidom/1cli/output/1_i26_post_trans_1cli.dcd resout=multidom/1cli/output/1_i26_post_trans_1cli.res timestp=0.015 batht=310 outcor=multidom/1cli/output/1_i26_post_trans_1cli.cor resin=multidom/1cli/output/1_i25_post_trans_1cli.res steps=10000000 >> multidom/1cli/outfiles/1_post_trans.out
Iteration complete at : 2018-08-07 09:41:39.562077
Elapsed time          : 942085.615261 s, 942085.615261/2592000.0=36.3458956505%

Restarting run from   : multidom/1cli/output/1_i26_post_trans_1cli.res
Post-trans command    : /storage/home/dan182/work/software/charmm/executables/c35b5_deby_doubang_pull/charmm < charmm_scripts/post_trans_dwell_binary.inp traj=1 rand=951456858 top=multidom/1cli/inpfiles/1cli_rnc_complex.top param=multidom/1cli/inpfiles/1cli_rnc_complex.prm psf=multidom/1cli/output/1_r345_trans_term_1cli.psf cor=multidom/1cli/output/1_i26_post_trans_1cli.cor num=27 trajname=multidom/1cli/output/1_i27_post_trans_1cli.dcd resout=multidom/1cli/output/1_i27_post_trans_1cli.res timestp=0.015 batht=310 outcor=multidom/1cli/output/1_i27_post_trans_1cli.cor resin=multidom/1cli/output/1_i26_post_trans_1cli.res steps=10000000 >> multidom/1cli/outfiles/1_post_trans.out
Iteration complete at : 2018-08-07 20:07:08.081146
Elapsed time          : 979614.125631 s, 979614.125631/2592000.0=37.7937548469%

Restarting run from   : multidom/1cli/output/1_i27_post_trans_1cli.res
Post-trans command    : /storage/home/dan182/work/software/charmm/executables/c35b5_deby_doubang_pull/charmm < charmm_scripts/post_trans_dwell_binary.inp traj=1 rand=290803675 top=multidom/1cli/inpfiles/1cli_rnc_complex.top param=multidom/1cli/inpfiles/1cli_rnc_complex.prm psf=multidom/1cli/output/1_r345_trans_term_1cli.psf cor=multidom/1cli/output/1_i27_post_trans_1cli.cor num=28 trajname=multidom/1cli/output/1_i28_post_trans_1cli.dcd resout=multidom/1cli/output/1_i28_post_trans_1cli.res timestp=0.015 batht=310 outcor=multidom/1cli/output/1_i28_post_trans_1cli.cor resin=multidom/1cli/output/1_i27_post_trans_1cli.res steps=10000000 >> multidom/1cli/outfiles/1_post_trans.out
Iteration complete at : 2018-08-08 06:44:43.789936
Elapsed time          : 1017869.82383 s, 1017869.82383/2592000.0=39.2696691294%

Restarting run from   : multidom/1cli/output/1_i28_post_trans_1cli.res
Post-trans command    : /storage/home/dan182/work/software/charmm/executables/c35b5_deby_doubang_pull/charmm < charmm_scripts/post_trans_dwell_binary.inp traj=1 rand=920739742 top=multidom/1cli/inpfiles/1cli_rnc_complex.top param=multidom/1cli/inpfiles/1cli_rnc_complex.prm psf=multidom/1cli/output/1_r345_trans_term_1cli.psf cor=multidom/1cli/output/1_i28_post_trans_1cli.cor num=29 trajname=multidom/1cli/output/1_i29_post_trans_1cli.dcd resout=multidom/1cli/output/1_i29_post_trans_1cli.res timestp=0.015 batht=310 outcor=multidom/1cli/output/1_i29_post_trans_1cli.cor resin=multidom/1cli/output/1_i28_post_trans_1cli.res steps=10000000 >> multidom/1cli/outfiles/1_post_trans.out
Iteration complete at : 2018-08-08 17:16:27.821921
Elapsed time          : 1055773.85587 s, 1055773.85587/2592000.0=40.7320160444%

Restarting run from   : multidom/1cli/output/1_i29_post_trans_1cli.res
Post-trans command    : /storage/home/dan182/work/software/charmm/executables/c35b5_deby_doubang_pull/charmm < charmm_scripts/post_trans_dwell_binary.inp traj=1 rand=891888696 top=multidom/1cli/inpfiles/1cli_rnc_complex.top param=multidom/1cli/inpfiles/1cli_rnc_complex.prm psf=multidom/1cli/output/1_r345_trans_term_1cli.psf cor=multidom/1cli/output/1_i29_post_trans_1cli.cor num=30 trajname=multidom/1cli/output/1_i30_post_trans_1cli.dcd resout=multidom/1cli/output/1_i30_post_trans_1cli.res timestp=0.015 batht=310 outcor=multidom/1cli/output/1_i30_post_trans_1cli.cor resin=multidom/1cli/output/1_i29_post_trans_1cli.res steps=10000000 >> multidom/1cli/outfiles/1_post_trans.out
Iteration complete at : 2018-08-09 03:44:18.563212
Elapsed time          : 1093444.59707 s, 1093444.59707/2592000.0=42.1853625413%

Restarting run from   : multidom/1cli/output/1_i30_post_trans_1cli.res
Post-trans command    : /storage/home/dan182/work/software/charmm/executables/c35b5_deby_doubang_pull/charmm < charmm_scripts/post_trans_dwell_binary.inp traj=1 rand=647258737 top=multidom/1cli/inpfiles/1cli_rnc_complex.top param=multidom/1cli/inpfiles/1cli_rnc_complex.prm psf=multidom/1cli/output/1_r345_trans_term_1cli.psf cor=multidom/1cli/output/1_i30_post_trans_1cli.cor num=31 trajname=multidom/1cli/output/1_i31_post_trans_1cli.dcd resout=multidom/1cli/output/1_i31_post_trans_1cli.res timestp=0.015 batht=310 outcor=multidom/1cli/output/1_i31_post_trans_1cli.cor resin=multidom/1cli/output/1_i30_post_trans_1cli.res steps=10000000 >> multidom/1cli/outfiles/1_post_trans.out

############################
# RESTARTING AT I = 31     #
############################


Setting internal timer to 1093444.6 seconds.

############################
# CONTROL FILE INFORMATION #
############################

prot         = 1cli
charmm_exec  = /storage/home/dan182/work/software/charmm/executables/c35b5_deby_doubang_pull/charmm
timestp      = 0.015
fbsolu       = 0.050
steps        = 10000000
batht        = 310
post_script  = charmm_scripts/post_trans_dwell_binary.inp
top          = multidom/1cli/inpfiles/1cli_rnc_complex.top
param        = multidom/1cli/inpfiles/1cli_rnc_complex.prm
max_res      = 345
log_file_dir = multidom/1cli/outfiles/
output_dir   = multidom/1cli/output/
restart      = 1
iteration    = 31

############################
#  BEGIN POST-TRANS LOOP   #
############################

Restarting run from   : multidom/1cli/output/1_i30_post_trans_1cli.res
Post-trans command    : /storage/home/dan182/work/software/charmm/executables/c35b5_deby_doubang_pull/charmm < charmm_scripts/post_trans_dwell_binary.inp traj=1 rand=516861048 top=multidom/1cli/inpfiles/1cli_rnc_complex.top param=multidom/1cli/inpfiles/1cli_rnc_complex.prm psf=multidom/1cli/output/1_r345_trans_term_1cli.psf cor=multidom/1cli/output/1_i30_post_trans_1cli.cor num=31 trajname=multidom/1cli/output/1_i31_post_trans_1cli.dcd resout=multidom/1cli/output/1_i31_post_trans_1cli.res timestp=0.015 batht=310 outcor=multidom/1cli/output/1_i31_post_trans_1cli.cor resin=multidom/1cli/output/1_i30_post_trans_1cli.res steps=10000000 >> multidom/1cli/outfiles/1_post_trans.out
Iteration complete at : 2018-08-10 00:29:47.802246
Elapsed time          : 1131171.76161 s, 1131171.76161/2592000.0=43.6408858644%

Restarting run from   : multidom/1cli/output/1_i31_post_trans_1cli.res
Post-trans command    : /storage/home/dan182/work/software/charmm/executables/c35b5_deby_doubang_pull/charmm < charmm_scripts/post_trans_dwell_binary.inp traj=1 rand=507128023 top=multidom/1cli/inpfiles/1cli_rnc_complex.top param=multidom/1cli/inpfiles/1cli_rnc_complex.prm psf=multidom/1cli/output/1_r345_trans_term_1cli.psf cor=multidom/1cli/output/1_i31_post_trans_1cli.cor num=32 trajname=multidom/1cli/output/1_i32_post_trans_1cli.dcd resout=multidom/1cli/output/1_i32_post_trans_1cli.res timestp=0.015 batht=310 outcor=multidom/1cli/output/1_i32_post_trans_1cli.cor resin=multidom/1cli/output/1_i31_post_trans_1cli.res steps=10000000 >> multidom/1cli/outfiles/1_post_trans.out
Iteration complete at : 2018-08-10 10:53:15.076816
Elapsed time          : 1168579.03872 s, 1168579.03872/2592000.0=45.084067852%

Restarting run from   : multidom/1cli/output/1_i32_post_trans_1cli.res
Post-trans command    : /storage/home/dan182/work/software/charmm/executables/c35b5_deby_doubang_pull/charmm < charmm_scripts/post_trans_dwell_binary.inp traj=1 rand=692898214 top=multidom/1cli/inpfiles/1cli_rnc_complex.top param=multidom/1cli/inpfiles/1cli_rnc_complex.prm psf=multidom/1cli/output/1_r345_trans_term_1cli.psf cor=multidom/1cli/output/1_i32_post_trans_1cli.cor num=33 trajname=multidom/1cli/output/1_i33_post_trans_1cli.dcd resout=multidom/1cli/output/1_i33_post_trans_1cli.res timestp=0.015 batht=310 outcor=multidom/1cli/output/1_i33_post_trans_1cli.cor resin=multidom/1cli/output/1_i32_post_trans_1cli.res steps=10000000 >> multidom/1cli/outfiles/1_post_trans.out
Iteration complete at : 2018-08-10 21:21:36.393307
Elapsed time          : 1206280.35402 s, 1206280.35402/2592000.0=46.5385939052%

Restarting run from   : multidom/1cli/output/1_i33_post_trans_1cli.res
Post-trans command    : /storage/home/dan182/work/software/charmm/executables/c35b5_deby_doubang_pull/charmm < charmm_scripts/post_trans_dwell_binary.inp traj=1 rand=371677756 top=multidom/1cli/inpfiles/1cli_rnc_complex.top param=multidom/1cli/inpfiles/1cli_rnc_complex.prm psf=multidom/1cli/output/1_r345_trans_term_1cli.psf cor=multidom/1cli/output/1_i33_post_trans_1cli.cor num=34 trajname=multidom/1cli/output/1_i34_post_trans_1cli.dcd resout=multidom/1cli/output/1_i34_post_trans_1cli.res timestp=0.015 batht=310 outcor=multidom/1cli/output/1_i34_post_trans_1cli.cor resin=multidom/1cli/output/1_i33_post_trans_1cli.res steps=10000000 >> multidom/1cli/outfiles/1_post_trans.out
Iteration complete at : 2018-08-11 07:45:47.292759
Elapsed time          : 1243731.26059 s, 1243731.26059/2592000.0=47.9834591276%

Restarting run from   : multidom/1cli/output/1_i34_post_trans_1cli.res
Post-trans command    : /storage/home/dan182/work/software/charmm/executables/c35b5_deby_doubang_pull/charmm < charmm_scripts/post_trans_dwell_binary.inp traj=1 rand=402292945 top=multidom/1cli/inpfiles/1cli_rnc_complex.top param=multidom/1cli/inpfiles/1cli_rnc_complex.prm psf=multidom/1cli/output/1_r345_trans_term_1cli.psf cor=multidom/1cli/output/1_i34_post_trans_1cli.cor num=35 trajname=multidom/1cli/output/1_i35_post_trans_1cli.dcd resout=multidom/1cli/output/1_i35_post_trans_1cli.res timestp=0.015 batht=310 outcor=multidom/1cli/output/1_i35_post_trans_1cli.cor resin=multidom/1cli/output/1_i34_post_trans_1cli.res steps=10000000 >> multidom/1cli/outfiles/1_post_trans.out
Iteration complete at : 2018-08-11 18:03:36.990862
Elapsed time          : 1280800.93592 s, 1280800.93592/2592000.0=49.4136163548%

Restarting run from   : multidom/1cli/output/1_i35_post_trans_1cli.res
Post-trans command    : /storage/home/dan182/work/software/charmm/executables/c35b5_deby_doubang_pull/charmm < charmm_scripts/post_trans_dwell_binary.inp traj=1 rand=175497567 top=multidom/1cli/inpfiles/1cli_rnc_complex.top param=multidom/1cli/inpfiles/1cli_rnc_complex.prm psf=multidom/1cli/output/1_r345_trans_term_1cli.psf cor=multidom/1cli/output/1_i35_post_trans_1cli.cor num=36 trajname=multidom/1cli/output/1_i36_post_trans_1cli.dcd resout=multidom/1cli/output/1_i36_post_trans_1cli.res timestp=0.015 batht=310 outcor=multidom/1cli/output/1_i36_post_trans_1cli.cor resin=multidom/1cli/output/1_i35_post_trans_1cli.res steps=10000000 >> multidom/1cli/outfiles/1_post_trans.out
Iteration complete at : 2018-08-12 04:52:46.864293
Elapsed time          : 1319750.83097 s, 1319750.83097/2592000.0=50.9163129231%

Restarting run from   : multidom/1cli/output/1_i36_post_trans_1cli.res
Post-trans command    : /storage/home/dan182/work/software/charmm/executables/c35b5_deby_doubang_pull/charmm < charmm_scripts/post_trans_dwell_binary.inp traj=1 rand=498436350 top=multidom/1cli/inpfiles/1cli_rnc_complex.top param=multidom/1cli/inpfiles/1cli_rnc_complex.prm psf=multidom/1cli/output/1_r345_trans_term_1cli.psf cor=multidom/1cli/output/1_i36_post_trans_1cli.cor num=37 trajname=multidom/1cli/output/1_i37_post_trans_1cli.dcd resout=multidom/1cli/output/1_i37_post_trans_1cli.res timestp=0.015 batht=310 outcor=multidom/1cli/output/1_i37_post_trans_1cli.cor resin=multidom/1cli/output/1_i36_post_trans_1cli.res steps=10000000 >> multidom/1cli/outfiles/1_post_trans.out
Iteration complete at : 2018-08-12 15:18:39.156926
Elapsed time          : 1357303.10684 s, 1357303.10684/2592000.0=52.3650889985%

Restarting run from   : multidom/1cli/output/1_i37_post_trans_1cli.res
Post-trans command    : /storage/home/dan182/work/software/charmm/executables/c35b5_deby_doubang_pull/charmm < charmm_scripts/post_trans_dwell_binary.inp traj=1 rand=539739876 top=multidom/1cli/inpfiles/1cli_rnc_complex.top param=multidom/1cli/inpfiles/1cli_rnc_complex.prm psf=multidom/1cli/output/1_r345_trans_term_1cli.psf cor=multidom/1cli/output/1_i37_post_trans_1cli.cor num=38 trajname=multidom/1cli/output/1_i38_post_trans_1cli.dcd resout=multidom/1cli/output/1_i38_post_trans_1cli.res timestp=0.015 batht=310 outcor=multidom/1cli/output/1_i38_post_trans_1cli.cor resin=multidom/1cli/output/1_i37_post_trans_1cli.res steps=10000000 >> multidom/1cli/outfiles/1_post_trans.out
Iteration complete at : 2018-08-13 01:50:00.983061
Elapsed time          : 1395184.9534 s, 1395184.9534/2592000.0=53.8265799921%

Restarting run from   : multidom/1cli/output/1_i38_post_trans_1cli.res
Post-trans command    : /storage/home/dan182/work/software/charmm/executables/c35b5_deby_doubang_pull/charmm < charmm_scripts/post_trans_dwell_binary.inp traj=1 rand=245628934 top=multidom/1cli/inpfiles/1cli_rnc_complex.top param=multidom/1cli/inpfiles/1cli_rnc_complex.prm psf=multidom/1cli/output/1_r345_trans_term_1cli.psf cor=multidom/1cli/output/1_i38_post_trans_1cli.cor num=39 trajname=multidom/1cli/output/1_i39_post_trans_1cli.dcd resout=multidom/1cli/output/1_i39_post_trans_1cli.res timestp=0.015 batht=310 outcor=multidom/1cli/output/1_i39_post_trans_1cli.cor resin=multidom/1cli/output/1_i38_post_trans_1cli.res steps=10000000 >> multidom/1cli/outfiles/1_post_trans.out
Iteration complete at : 2018-08-13 12:25:27.694272
Elapsed time          : 1433311.6585 s, 1433311.6585/2592000.0=55.2975176892%

Restarting run from   : multidom/1cli/output/1_i39_post_trans_1cli.res
Post-trans command    : /storage/home/dan182/work/software/charmm/executables/c35b5_deby_doubang_pull/charmm < charmm_scripts/post_trans_dwell_binary.inp traj=1 rand=651961475 top=multidom/1cli/inpfiles/1cli_rnc_complex.top param=multidom/1cli/inpfiles/1cli_rnc_complex.prm psf=multidom/1cli/output/1_r345_trans_term_1cli.psf cor=multidom/1cli/output/1_i39_post_trans_1cli.cor num=40 trajname=multidom/1cli/output/1_i40_post_trans_1cli.dcd resout=multidom/1cli/output/1_i40_post_trans_1cli.res timestp=0.015 batht=310 outcor=multidom/1cli/output/1_i40_post_trans_1cli.cor resin=multidom/1cli/output/1_i39_post_trans_1cli.res steps=10000000 >> multidom/1cli/outfiles/1_post_trans.out
Iteration complete at : 2018-08-13 22:52:42.593645
Elapsed time          : 1470946.53794 s, 1470946.53794/2592000.0=56.7494806302%

Restarting run from   : multidom/1cli/output/1_i40_post_trans_1cli.res
Post-trans command    : /storage/home/dan182/work/software/charmm/executables/c35b5_deby_doubang_pull/charmm < charmm_scripts/post_trans_dwell_binary.inp traj=1 rand=119651981 top=multidom/1cli/inpfiles/1cli_rnc_complex.top param=multidom/1cli/inpfiles/1cli_rnc_complex.prm psf=multidom/1cli/output/1_r345_trans_term_1cli.psf cor=multidom/1cli/output/1_i40_post_trans_1cli.cor num=41 trajname=multidom/1cli/output/1_i41_post_trans_1cli.dcd resout=multidom/1cli/output/1_i41_post_trans_1cli.res timestp=0.015 batht=310 outcor=multidom/1cli/output/1_i41_post_trans_1cli.cor resin=multidom/1cli/output/1_i40_post_trans_1cli.res steps=10000000 >> multidom/1cli/outfiles/1_post_trans.out
Iteration complete at : 2018-08-14 09:17:32.375124
Elapsed time          : 1508436.33414 s, 1508436.33414/2592000.0=58.1958462247%

Restarting run from   : multidom/1cli/output/1_i41_post_trans_1cli.res
Post-trans command    : /storage/home/dan182/work/software/charmm/executables/c35b5_deby_doubang_pull/charmm < charmm_scripts/post_trans_dwell_binary.inp traj=1 rand=701543455 top=multidom/1cli/inpfiles/1cli_rnc_complex.top param=multidom/1cli/inpfiles/1cli_rnc_complex.prm psf=multidom/1cli/output/1_r345_trans_term_1cli.psf cor=multidom/1cli/output/1_i41_post_trans_1cli.cor num=42 trajname=multidom/1cli/output/1_i42_post_trans_1cli.dcd resout=multidom/1cli/output/1_i42_post_trans_1cli.res timestp=0.015 batht=310 outcor=multidom/1cli/output/1_i42_post_trans_1cli.cor resin=multidom/1cli/output/1_i41_post_trans_1cli.res steps=10000000 >> multidom/1cli/outfiles/1_post_trans.out
Iteration complete at : 2018-08-14 19:53:32.940761
Elapsed time          : 1546596.88556 s, 1546596.88556/2592000.0=59.6680897206%

Restarting run from   : multidom/1cli/output/1_i42_post_trans_1cli.res
Post-trans command    : /storage/home/dan182/work/software/charmm/executables/c35b5_deby_doubang_pull/charmm < charmm_scripts/post_trans_dwell_binary.inp traj=1 rand=123963525 top=multidom/1cli/inpfiles/1cli_rnc_complex.top param=multidom/1cli/inpfiles/1cli_rnc_complex.prm psf=multidom/1cli/output/1_r345_trans_term_1cli.psf cor=multidom/1cli/output/1_i42_post_trans_1cli.cor num=43 trajname=multidom/1cli/output/1_i43_post_trans_1cli.dcd resout=multidom/1cli/output/1_i43_post_trans_1cli.res timestp=0.015 batht=310 outcor=multidom/1cli/output/1_i43_post_trans_1cli.cor resin=multidom/1cli/output/1_i42_post_trans_1cli.res steps=10000000 >> multidom/1cli/outfiles/1_post_trans.out
Iteration complete at : 2018-08-15 06:32:35.880938
Elapsed time          : 1584939.82553 s, 1584939.82553/2592000.0=61.147369812%

Restarting run from   : multidom/1cli/output/1_i43_post_trans_1cli.res
Post-trans command    : /storage/home/dan182/work/software/charmm/executables/c35b5_deby_doubang_pull/charmm < charmm_scripts/post_trans_dwell_binary.inp traj=1 rand=416094884 top=multidom/1cli/inpfiles/1cli_rnc_complex.top param=multidom/1cli/inpfiles/1cli_rnc_complex.prm psf=multidom/1cli/output/1_r345_trans_term_1cli.psf cor=multidom/1cli/output/1_i43_post_trans_1cli.cor num=44 trajname=multidom/1cli/output/1_i44_post_trans_1cli.dcd resout=multidom/1cli/output/1_i44_post_trans_1cli.res timestp=0.015 batht=310 outcor=multidom/1cli/output/1_i44_post_trans_1cli.cor resin=multidom/1cli/output/1_i43_post_trans_1cli.res steps=10000000 >> multidom/1cli/outfiles/1_post_trans.out
Iteration complete at : 2018-08-15 17:10:13.182543
Elapsed time          : 1623197.12748 s, 1623197.12748/2592000.0=62.6233459675%

Restarting run from   : multidom/1cli/output/1_i44_post_trans_1cli.res
Post-trans command    : /storage/home/dan182/work/software/charmm/executables/c35b5_deby_doubang_pull/charmm < charmm_scripts/post_trans_dwell_binary.inp traj=1 rand=480627017 top=multidom/1cli/inpfiles/1cli_rnc_complex.top param=multidom/1cli/inpfiles/1cli_rnc_complex.prm psf=multidom/1cli/output/1_r345_trans_term_1cli.psf cor=multidom/1cli/output/1_i44_post_trans_1cli.cor num=45 trajname=multidom/1cli/output/1_i45_post_trans_1cli.dcd resout=multidom/1cli/output/1_i45_post_trans_1cli.res timestp=0.015 batht=310 outcor=multidom/1cli/output/1_i45_post_trans_1cli.cor resin=multidom/1cli/output/1_i44_post_trans_1cli.res steps=10000000 >> multidom/1cli/outfiles/1_post_trans.out
Iteration complete at : 2018-08-16 03:34:52.730626
Elapsed time          : 1660676.7008 s, 1660676.7008/2592000.0=64.0693171606%

Restarting run from   : multidom/1cli/output/1_i45_post_trans_1cli.res
Post-trans command    : /storage/home/dan182/work/software/charmm/executables/c35b5_deby_doubang_pull/charmm < charmm_scripts/post_trans_dwell_binary.inp traj=1 rand=282805480 top=multidom/1cli/inpfiles/1cli_rnc_complex.top param=multidom/1cli/inpfiles/1cli_rnc_complex.prm psf=multidom/1cli/output/1_r345_trans_term_1cli.psf cor=multidom/1cli/output/1_i45_post_trans_1cli.cor num=46 trajname=multidom/1cli/output/1_i46_post_trans_1cli.dcd resout=multidom/1cli/output/1_i46_post_trans_1cli.res timestp=0.015 batht=310 outcor=multidom/1cli/output/1_i46_post_trans_1cli.cor resin=multidom/1cli/output/1_i45_post_trans_1cli.res steps=10000000 >> multidom/1cli/outfiles/1_post_trans.out
Iteration complete at : 2018-08-16 14:03:07.911186
Elapsed time          : 1698371.87625 s, 1698371.87625/2592000.0=65.5236063367%

Restarting run from   : multidom/1cli/output/1_i46_post_trans_1cli.res
Post-trans command    : /storage/home/dan182/work/software/charmm/executables/c35b5_deby_doubang_pull/charmm < charmm_scripts/post_trans_dwell_binary.inp traj=1 rand=865404935 top=multidom/1cli/inpfiles/1cli_rnc_complex.top param=multidom/1cli/inpfiles/1cli_rnc_complex.prm psf=multidom/1cli/output/1_r345_trans_term_1cli.psf cor=multidom/1cli/output/1_i46_post_trans_1cli.cor num=47 trajname=multidom/1cli/output/1_i47_post_trans_1cli.dcd resout=multidom/1cli/output/1_i47_post_trans_1cli.res timestp=0.015 batht=310 outcor=multidom/1cli/output/1_i47_post_trans_1cli.cor resin=multidom/1cli/output/1_i46_post_trans_1cli.res steps=10000000 >> multidom/1cli/outfiles/1_post_trans.out
Iteration complete at : 2018-08-17 00:32:28.600333
Elapsed time          : 1736132.54806 s, 1736132.54806/2592000.0=66.980422379%

Restarting run from   : multidom/1cli/output/1_i47_post_trans_1cli.res
Post-trans command    : /storage/home/dan182/work/software/charmm/executables/c35b5_deby_doubang_pull/charmm < charmm_scripts/post_trans_dwell_binary.inp traj=1 rand=794053677 top=multidom/1cli/inpfiles/1cli_rnc_complex.top param=multidom/1cli/inpfiles/1cli_rnc_complex.prm psf=multidom/1cli/output/1_r345_trans_term_1cli.psf cor=multidom/1cli/output/1_i47_post_trans_1cli.cor num=48 trajname=multidom/1cli/output/1_i48_post_trans_1cli.dcd resout=multidom/1cli/output/1_i48_post_trans_1cli.res timestp=0.015 batht=310 outcor=multidom/1cli/output/1_i48_post_trans_1cli.cor resin=multidom/1cli/output/1_i47_post_trans_1cli.res steps=10000000 >> multidom/1cli/outfiles/1_post_trans.out
Iteration complete at : 2018-08-17 10:58:50.974985
Elapsed time          : 1773714.93469 s, 1773714.93469/2592000.0=68.4303601347%

Restarting run from   : multidom/1cli/output/1_i48_post_trans_1cli.res
Post-trans command    : /storage/home/dan182/work/software/charmm/executables/c35b5_deby_doubang_pull/charmm < charmm_scripts/post_trans_dwell_binary.inp traj=1 rand=193370364 top=multidom/1cli/inpfiles/1cli_rnc_complex.top param=multidom/1cli/inpfiles/1cli_rnc_complex.prm psf=multidom/1cli/output/1_r345_trans_term_1cli.psf cor=multidom/1cli/output/1_i48_post_trans_1cli.cor num=49 trajname=multidom/1cli/output/1_i49_post_trans_1cli.dcd resout=multidom/1cli/output/1_i49_post_trans_1cli.res timestp=0.015 batht=310 outcor=multidom/1cli/output/1_i49_post_trans_1cli.cor resin=multidom/1cli/output/1_i48_post_trans_1cli.res steps=10000000 >> multidom/1cli/outfiles/1_post_trans.out
Iteration complete at : 2018-08-17 21:23:20.197344
Elapsed time          : 1811184.16063 s, 1811184.16063/2592000.0=69.8759321231%

Restarting run from   : multidom/1cli/output/1_i49_post_trans_1cli.res
Post-trans command    : /storage/home/dan182/work/software/charmm/executables/c35b5_deby_doubang_pull/charmm < charmm_scripts/post_trans_dwell_binary.inp traj=1 rand=322279664 top=multidom/1cli/inpfiles/1cli_rnc_complex.top param=multidom/1cli/inpfiles/1cli_rnc_complex.prm psf=multidom/1cli/output/1_r345_trans_term_1cli.psf cor=multidom/1cli/output/1_i49_post_trans_1cli.cor num=50 trajname=multidom/1cli/output/1_i50_post_trans_1cli.dcd resout=multidom/1cli/output/1_i50_post_trans_1cli.res timestp=0.015 batht=310 outcor=multidom/1cli/output/1_i50_post_trans_1cli.cor resin=multidom/1cli/output/1_i49_post_trans_1cli.res steps=10000000 >> multidom/1cli/outfiles/1_post_trans.out
Iteration complete at : 2018-08-18 07:47:32.049724
Elapsed time          : 1848636.01543 s, 1848636.01543/2592000.0=71.3208339288%

Restarting run from   : multidom/1cli/output/1_i50_post_trans_1cli.res
Post-trans command    : /storage/home/dan182/work/software/charmm/executables/c35b5_deby_doubang_pull/charmm < charmm_scripts/post_trans_dwell_binary.inp traj=1 rand=838668426 top=multidom/1cli/inpfiles/1cli_rnc_complex.top param=multidom/1cli/inpfiles/1cli_rnc_complex.prm psf=multidom/1cli/output/1_r345_trans_term_1cli.psf cor=multidom/1cli/output/1_i50_post_trans_1cli.cor num=51 trajname=multidom/1cli/output/1_i51_post_trans_1cli.dcd resout=multidom/1cli/output/1_i51_post_trans_1cli.res timestp=0.015 batht=310 outcor=multidom/1cli/output/1_i51_post_trans_1cli.cor resin=multidom/1cli/output/1_i50_post_trans_1cli.res steps=10000000 >> multidom/1cli/outfiles/1_post_trans.out
Iteration complete at : 2018-08-18 18:15:03.156355
Elapsed time          : 1886287.12379 s, 1886287.12379/2592000.0=72.7734229858%

Restarting run from   : multidom/1cli/output/1_i51_post_trans_1cli.res
Post-trans command    : /storage/home/dan182/work/software/charmm/executables/c35b5_deby_doubang_pull/charmm < charmm_scripts/post_trans_dwell_binary.inp traj=1 rand=593724593 top=multidom/1cli/inpfiles/1cli_rnc_complex.top param=multidom/1cli/inpfiles/1cli_rnc_complex.prm psf=multidom/1cli/output/1_r345_trans_term_1cli.psf cor=multidom/1cli/output/1_i51_post_trans_1cli.cor num=52 trajname=multidom/1cli/output/1_i52_post_trans_1cli.dcd resout=multidom/1cli/output/1_i52_post_trans_1cli.res timestp=0.015 batht=310 outcor=multidom/1cli/output/1_i52_post_trans_1cli.cor resin=multidom/1cli/output/1_i51_post_trans_1cli.res steps=10000000 >> multidom/1cli/outfiles/1_post_trans.out
Iteration complete at : 2018-08-19 04:39:41.636457
Elapsed time          : 1923765.58107 s, 1923765.58107/2592000.0=74.2193511215%

Restarting run from   : multidom/1cli/output/1_i52_post_trans_1cli.res
Post-trans command    : /storage/home/dan182/work/software/charmm/executables/c35b5_deby_doubang_pull/charmm < charmm_scripts/post_trans_dwell_binary.inp traj=1 rand=767309683 top=multidom/1cli/inpfiles/1cli_rnc_complex.top param=multidom/1cli/inpfiles/1cli_rnc_complex.prm psf=multidom/1cli/output/1_r345_trans_term_1cli.psf cor=multidom/1cli/output/1_i52_post_trans_1cli.cor num=53 trajname=multidom/1cli/output/1_i53_post_trans_1cli.dcd resout=multidom/1cli/output/1_i53_post_trans_1cli.res timestp=0.015 batht=310 outcor=multidom/1cli/output/1_i53_post_trans_1cli.cor resin=multidom/1cli/output/1_i52_post_trans_1cli.res steps=10000000 >> multidom/1cli/outfiles/1_post_trans.out
Iteration complete at : 2018-08-19 15:08:18.547270
Elapsed time          : 1961482.49809 s, 1961482.49809/2592000.0=75.6744790929%

Restarting run from   : multidom/1cli/output/1_i53_post_trans_1cli.res
Post-trans command    : /storage/home/dan182/work/software/charmm/executables/c35b5_deby_doubang_pull/charmm < charmm_scripts/post_trans_dwell_binary.inp traj=1 rand=664186217 top=multidom/1cli/inpfiles/1cli_rnc_complex.top param=multidom/1cli/inpfiles/1cli_rnc_complex.prm psf=multidom/1cli/output/1_r345_trans_term_1cli.psf cor=multidom/1cli/output/1_i53_post_trans_1cli.cor num=54 trajname=multidom/1cli/output/1_i54_post_trans_1cli.dcd resout=multidom/1cli/output/1_i54_post_trans_1cli.res timestp=0.015 batht=310 outcor=multidom/1cli/output/1_i54_post_trans_1cli.cor resin=multidom/1cli/output/1_i53_post_trans_1cli.res steps=10000000 >> multidom/1cli/outfiles/1_post_trans.out
Iteration complete at : 2018-08-20 01:32:50.542750
Elapsed time          : 1998954.50347 s, 1998954.50347/2592000.0=77.1201583127%

Restarting run from   : multidom/1cli/output/1_i54_post_trans_1cli.res
Post-trans command    : /storage/home/dan182/work/software/charmm/executables/c35b5_deby_doubang_pull/charmm < charmm_scripts/post_trans_dwell_binary.inp traj=1 rand=476997512 top=multidom/1cli/inpfiles/1cli_rnc_complex.top param=multidom/1cli/inpfiles/1cli_rnc_complex.prm psf=multidom/1cli/output/1_r345_trans_term_1cli.psf cor=multidom/1cli/output/1_i54_post_trans_1cli.cor num=55 trajname=multidom/1cli/output/1_i55_post_trans_1cli.dcd resout=multidom/1cli/output/1_i55_post_trans_1cli.res timestp=0.015 batht=310 outcor=multidom/1cli/output/1_i55_post_trans_1cli.cor resin=multidom/1cli/output/1_i54_post_trans_1cli.res steps=10000000 >> multidom/1cli/outfiles/1_post_trans.out
Iteration complete at : 2018-08-20 12:09:56.617757
Elapsed time          : 2037180.58029 s, 2037180.58029/2592000.0=78.5949297951%

Restarting run from   : multidom/1cli/output/1_i55_post_trans_1cli.res
Post-trans command    : /storage/home/dan182/work/software/charmm/executables/c35b5_deby_doubang_pull/charmm < charmm_scripts/post_trans_dwell_binary.inp traj=1 rand=895541623 top=multidom/1cli/inpfiles/1cli_rnc_complex.top param=multidom/1cli/inpfiles/1cli_rnc_complex.prm psf=multidom/1cli/output/1_r345_trans_term_1cli.psf cor=multidom/1cli/output/1_i55_post_trans_1cli.cor num=56 trajname=multidom/1cli/output/1_i56_post_trans_1cli.dcd resout=multidom/1cli/output/1_i56_post_trans_1cli.res timestp=0.015 batht=310 outcor=multidom/1cli/output/1_i56_post_trans_1cli.cor resin=multidom/1cli/output/1_i55_post_trans_1cli.res steps=10000000 >> multidom/1cli/outfiles/1_post_trans.out
Iteration complete at : 2018-08-20 22:37:57.945380
Elapsed time          : 2074861.90663 s, 2074861.90663/2592000.0=80.0486846693%

Restarting run from   : multidom/1cli/output/1_i56_post_trans_1cli.res
Post-trans command    : /storage/home/dan182/work/software/charmm/executables/c35b5_deby_doubang_pull/charmm < charmm_scripts/post_trans_dwell_binary.inp traj=1 rand=256061840 top=multidom/1cli/inpfiles/1cli_rnc_complex.top param=multidom/1cli/inpfiles/1cli_rnc_complex.prm psf=multidom/1cli/output/1_r345_trans_term_1cli.psf cor=multidom/1cli/output/1_i56_post_trans_1cli.cor num=57 trajname=multidom/1cli/output/1_i57_post_trans_1cli.dcd resout=multidom/1cli/output/1_i57_post_trans_1cli.res timestp=0.015 batht=310 outcor=multidom/1cli/output/1_i57_post_trans_1cli.cor resin=multidom/1cli/output/1_i56_post_trans_1cli.res steps=10000000 >> multidom/1cli/outfiles/1_post_trans.out
Iteration complete at : 2018-08-21 09:05:19.327346
Elapsed time          : 2112503.28463 s, 2112503.28463/2592000.0=81.5008983269%

Restarting run from   : multidom/1cli/output/1_i57_post_trans_1cli.res
Post-trans command    : /storage/home/dan182/work/software/charmm/executables/c35b5_deby_doubang_pull/charmm < charmm_scripts/post_trans_dwell_binary.inp traj=1 rand=630000889 top=multidom/1cli/inpfiles/1cli_rnc_complex.top param=multidom/1cli/inpfiles/1cli_rnc_complex.prm psf=multidom/1cli/output/1_r345_trans_term_1cli.psf cor=multidom/1cli/output/1_i57_post_trans_1cli.cor num=58 trajname=multidom/1cli/output/1_i58_post_trans_1cli.dcd resout=multidom/1cli/output/1_i58_post_trans_1cli.res timestp=0.015 batht=310 outcor=multidom/1cli/output/1_i58_post_trans_1cli.cor resin=multidom/1cli/output/1_i57_post_trans_1cli.res steps=10000000 >> multidom/1cli/outfiles/1_post_trans.out

############################
# RESTARTING AT I = 58     #
############################


Setting internal timer to 2112503.3 seconds.

############################
# CONTROL FILE INFORMATION #
############################

prot         = 1cli
charmm_exec  = /storage/home/dan182/work/software/charmm/executables/c35b5_deby_doubang_pull/charmm
timestp      = 0.015
fbsolu       = 0.050
steps        = 10000000
batht        = 310
post_script  = charmm_scripts/post_trans_dwell_binary.inp
top          = multidom/1cli/inpfiles/1cli_rnc_complex.top
param        = multidom/1cli/inpfiles/1cli_rnc_complex.prm
max_res      = 345
log_file_dir = multidom/1cli/outfiles/
output_dir   = multidom/1cli/output/
restart      = 1
iteration    = 58

############################
#  BEGIN POST-TRANS LOOP   #
############################

Restarting run from   : multidom/1cli/output/1_i57_post_trans_1cli.res
Post-trans command    : /storage/home/dan182/work/software/charmm/executables/c35b5_deby_doubang_pull/charmm < charmm_scripts/post_trans_dwell_binary.inp traj=1 rand=859916521 top=multidom/1cli/inpfiles/1cli_rnc_complex.top param=multidom/1cli/inpfiles/1cli_rnc_complex.prm psf=multidom/1cli/output/1_r345_trans_term_1cli.psf cor=multidom/1cli/output/1_i57_post_trans_1cli.cor num=58 trajname=multidom/1cli/output/1_i58_post_trans_1cli.dcd resout=multidom/1cli/output/1_i58_post_trans_1cli.res timestp=0.015 batht=310 outcor=multidom/1cli/output/1_i58_post_trans_1cli.cor resin=multidom/1cli/output/1_i57_post_trans_1cli.res steps=10000000 >> multidom/1cli/outfiles/1_post_trans.out
Iteration complete at : 2018-08-21 21:13:48.910019
Elapsed time          : 2150076.3268 s, 2150076.3268/2592000.0=82.9504755711%

Restarting run from   : multidom/1cli/output/1_i58_post_trans_1cli.res
Post-trans command    : /storage/home/dan182/work/software/charmm/executables/c35b5_deby_doubang_pull/charmm < charmm_scripts/post_trans_dwell_binary.inp traj=1 rand=965806019 top=multidom/1cli/inpfiles/1cli_rnc_complex.top param=multidom/1cli/inpfiles/1cli_rnc_complex.prm psf=multidom/1cli/output/1_r345_trans_term_1cli.psf cor=multidom/1cli/output/1_i58_post_trans_1cli.cor num=59 trajname=multidom/1cli/output/1_i59_post_trans_1cli.dcd resout=multidom/1cli/output/1_i59_post_trans_1cli.res timestp=0.015 batht=310 outcor=multidom/1cli/output/1_i59_post_trans_1cli.cor resin=multidom/1cli/output/1_i58_post_trans_1cli.res steps=10000000 >> multidom/1cli/outfiles/1_post_trans.out
Iteration complete at : 2018-08-22 07:40:49.018776
Elapsed time          : 2187696.44291 s, 2187696.44291/2592000.0=84.4018689395%

Restarting run from   : multidom/1cli/output/1_i59_post_trans_1cli.res
Post-trans command    : /storage/home/dan182/work/software/charmm/executables/c35b5_deby_doubang_pull/charmm < charmm_scripts/post_trans_dwell_binary.inp traj=1 rand=912370709 top=multidom/1cli/inpfiles/1cli_rnc_complex.top param=multidom/1cli/inpfiles/1cli_rnc_complex.prm psf=multidom/1cli/output/1_r345_trans_term_1cli.psf cor=multidom/1cli/output/1_i59_post_trans_1cli.cor num=60 trajname=multidom/1cli/output/1_i60_post_trans_1cli.dcd resout=multidom/1cli/output/1_i60_post_trans_1cli.res timestp=0.015 batht=310 outcor=multidom/1cli/output/1_i60_post_trans_1cli.cor resin=multidom/1cli/output/1_i59_post_trans_1cli.res steps=10000000 >> multidom/1cli/outfiles/1_post_trans.out
Iteration complete at : 2018-08-22 18:07:39.997952
Elapsed time          : 2225307.42376 s, 2225307.42376/2592000.0=85.8529098674%

Restarting run from   : multidom/1cli/output/1_i60_post_trans_1cli.res
Post-trans command    : /storage/home/dan182/work/software/charmm/executables/c35b5_deby_doubang_pull/charmm < charmm_scripts/post_trans_dwell_binary.inp traj=1 rand=440849797 top=multidom/1cli/inpfiles/1cli_rnc_complex.top param=multidom/1cli/inpfiles/1cli_rnc_complex.prm psf=multidom/1cli/output/1_r345_trans_term_1cli.psf cor=multidom/1cli/output/1_i60_post_trans_1cli.cor num=61 trajname=multidom/1cli/output/1_i61_post_trans_1cli.dcd resout=multidom/1cli/output/1_i61_post_trans_1cli.res timestp=0.015 batht=310 outcor=multidom/1cli/output/1_i61_post_trans_1cli.cor resin=multidom/1cli/output/1_i60_post_trans_1cli.res steps=10000000 >> multidom/1cli/outfiles/1_post_trans.out
Iteration complete at : 2018-08-23 04:37:48.917755
Elapsed time          : 2263116.32422 s, 2263116.32422/2592000.0=87.3115865825%

Restarting run from   : multidom/1cli/output/1_i61_post_trans_1cli.res
Post-trans command    : /storage/home/dan182/work/software/charmm/executables/c35b5_deby_doubang_pull/charmm < charmm_scripts/post_trans_dwell_binary.inp traj=1 rand=673426796 top=multidom/1cli/inpfiles/1cli_rnc_complex.top param=multidom/1cli/inpfiles/1cli_rnc_complex.prm psf=multidom/1cli/output/1_r345_trans_term_1cli.psf cor=multidom/1cli/output/1_i61_post_trans_1cli.cor num=62 trajname=multidom/1cli/output/1_i62_post_trans_1cli.dcd resout=multidom/1cli/output/1_i62_post_trans_1cli.res timestp=0.015 batht=310 outcor=multidom/1cli/output/1_i62_post_trans_1cli.cor resin=multidom/1cli/output/1_i61_post_trans_1cli.res steps=10000000 >> multidom/1cli/outfiles/1_post_trans.out
Iteration complete at : 2018-08-23 15:07:17.358004
Elapsed time          : 2300884.77116 s, 2300884.77116/2592000.0=88.7687025911%

Restarting run from   : multidom/1cli/output/1_i62_post_trans_1cli.res
Post-trans command    : /storage/home/dan182/work/software/charmm/executables/c35b5_deby_doubang_pull/charmm < charmm_scripts/post_trans_dwell_binary.inp traj=1 rand=958223428 top=multidom/1cli/inpfiles/1cli_rnc_complex.top param=multidom/1cli/inpfiles/1cli_rnc_complex.prm psf=multidom/1cli/output/1_r345_trans_term_1cli.psf cor=multidom/1cli/output/1_i62_post_trans_1cli.cor num=63 trajname=multidom/1cli/output/1_i63_post_trans_1cli.dcd resout=multidom/1cli/output/1_i63_post_trans_1cli.res timestp=0.015 batht=310 outcor=multidom/1cli/output/1_i63_post_trans_1cli.cor resin=multidom/1cli/output/1_i62_post_trans_1cli.res steps=10000000 >> multidom/1cli/outfiles/1_post_trans.out
Iteration complete at : 2018-08-24 01:39:17.717885
Elapsed time          : 2338805.1348 s, 2338805.1348/2592000.0=90.2316795833%

Restarting run from   : multidom/1cli/output/1_i63_post_trans_1cli.res
Post-trans command    : /storage/home/dan182/work/software/charmm/executables/c35b5_deby_doubang_pull/charmm < charmm_scripts/post_trans_dwell_binary.inp traj=1 rand=269015702 top=multidom/1cli/inpfiles/1cli_rnc_complex.top param=multidom/1cli/inpfiles/1cli_rnc_complex.prm psf=multidom/1cli/output/1_r345_trans_term_1cli.psf cor=multidom/1cli/output/1_i63_post_trans_1cli.cor num=64 trajname=multidom/1cli/output/1_i64_post_trans_1cli.dcd resout=multidom/1cli/output/1_i64_post_trans_1cli.res timestp=0.015 batht=310 outcor=multidom/1cli/output/1_i64_post_trans_1cli.cor resin=multidom/1cli/output/1_i63_post_trans_1cli.res steps=10000000 >> multidom/1cli/outfiles/1_post_trans.out
Iteration complete at : 2018-08-24 11:02:36.957990

Abnormal Termination Detected

############################
# RESTARTING AT I = 64     #
############################


Setting internal timer to 2338805.1 seconds.

############################
# CONTROL FILE INFORMATION #
############################

prot         = 1cli
charmm_exec  = /storage/home/dan182/work/software/charmm/executables/c35b5_deby_doubang_pull/charmm
timestp      = 0.015
fbsolu       = 0.050
steps        = 10000000
batht        = 310
post_script  = charmm_scripts/post_trans_dwell_binary_reorient.inp
top          = multidom/1cli/inpfiles/1cli_rnc_complex.top
param        = multidom/1cli/inpfiles/1cli_rnc_complex.prm
max_res      = 345
log_file_dir = multidom/1cli/outfiles/
output_dir   = multidom/1cli/output/
restart      = 1
iteration    = 64

############################
#  BEGIN POST-TRANS LOOP   #
############################

Restarting run from   : multidom/1cli/output/1_i63_post_trans_1cli.res
Post-trans command    : /storage/home/dan182/work/software/charmm/executables/c35b5_deby_doubang_pull/charmm < charmm_scripts/post_trans_dwell_binary_reorient.inp traj=1 rand=770580048 top=multidom/1cli/inpfiles/1cli_rnc_complex.top param=multidom/1cli/inpfiles/1cli_rnc_complex.prm psf=multidom/1cli/output/1_r345_trans_term_1cli.psf cor=multidom/1cli/output/1_i63_post_trans_1cli.cor num=64 trajname=multidom/1cli/output/1_i64_post_trans_1cli resout=multidom/1cli/output/1_i64_post_trans_1cli.res timestp=0.015 batht=310 outcor=multidom/1cli/output/1_i64_post_trans_1cli.cor resin=multidom/1cli/output/1_i63_post_trans_1cli.res steps=10000000 >> multidom/1cli/outfiles/1_post_trans.out
Iteration complete at : 2018-08-24 21:20:28.602723
Elapsed time          : 2372809.35522 s, 2372809.35522/2592000.0=91.5435708034%

Restarting run from   : multidom/1cli/output/1_i64_post_trans_1cli.res
Post-trans command    : /storage/home/dan182/work/software/charmm/executables/c35b5_deby_doubang_pull/charmm < charmm_scripts/post_trans_dwell_binary_reorient.inp traj=1 rand=401142511 top=multidom/1cli/inpfiles/1cli_rnc_complex.top param=multidom/1cli/inpfiles/1cli_rnc_complex.prm psf=multidom/1cli/output/1_r345_trans_term_1cli.psf cor=multidom/1cli/output/1_i64_post_trans_1cli.cor num=65 trajname=multidom/1cli/output/1_i65_post_trans_1cli resout=multidom/1cli/output/1_i65_post_trans_1cli.res timestp=0.015 batht=310 outcor=multidom/1cli/output/1_i65_post_trans_1cli.cor resin=multidom/1cli/output/1_i64_post_trans_1cli.res steps=10000000 >> multidom/1cli/outfiles/1_post_trans.out
Iteration complete at : 2018-08-25 06:43:47.604761
Elapsed time          : 2406608.33405 s, 2406608.33405/2592000.0=92.8475437521%

Restarting run from   : multidom/1cli/output/1_i65_post_trans_1cli.res
Post-trans command    : /storage/home/dan182/work/software/charmm/executables/c35b5_deby_doubang_pull/charmm < charmm_scripts/post_trans_dwell_binary_reorient.inp traj=1 rand=724864972 top=multidom/1cli/inpfiles/1cli_rnc_complex.top param=multidom/1cli/inpfiles/1cli_rnc_complex.prm psf=multidom/1cli/output/1_r345_trans_term_1cli.psf cor=multidom/1cli/output/1_i65_post_trans_1cli.cor num=66 trajname=multidom/1cli/output/1_i66_post_trans_1cli resout=multidom/1cli/output/1_i66_post_trans_1cli.res timestp=0.015 batht=310 outcor=multidom/1cli/output/1_i66_post_trans_1cli.cor resin=multidom/1cli/output/1_i65_post_trans_1cli.res steps=10000000 >> multidom/1cli/outfiles/1_post_trans.out
Iteration complete at : 2018-08-25 15:57:40.584960
Elapsed time          : 2439841.33957 s, 2439841.33957/2592000.0=94.1296813106%

Restarting run from   : multidom/1cli/output/1_i66_post_trans_1cli.res
Post-trans command    : /storage/home/dan182/work/software/charmm/executables/c35b5_deby_doubang_pull/charmm < charmm_scripts/post_trans_dwell_binary_reorient.inp traj=1 rand=126083205 top=multidom/1cli/inpfiles/1cli_rnc_complex.top param=multidom/1cli/inpfiles/1cli_rnc_complex.prm psf=multidom/1cli/output/1_r345_trans_term_1cli.psf cor=multidom/1cli/output/1_i66_post_trans_1cli.cor num=67 trajname=multidom/1cli/output/1_i67_post_trans_1cli resout=multidom/1cli/output/1_i67_post_trans_1cli.res timestp=0.015 batht=310 outcor=multidom/1cli/output/1_i67_post_trans_1cli.cor resin=multidom/1cli/output/1_i66_post_trans_1cli.res steps=10000000 >> multidom/1cli/outfiles/1_post_trans.out
Iteration complete at : 2018-08-26 01:19:45.357752
Elapsed time          : 2473566.1147 s, 2473566.1147/2592000.0=95.430791462%

Restarting run from   : multidom/1cli/output/1_i67_post_trans_1cli.res
Post-trans command    : /storage/home/dan182/work/software/charmm/executables/c35b5_deby_doubang_pull/charmm < charmm_scripts/post_trans_dwell_binary_reorient.inp traj=1 rand=347604303 top=multidom/1cli/inpfiles/1cli_rnc_complex.top param=multidom/1cli/inpfiles/1cli_rnc_complex.prm psf=multidom/1cli/output/1_r345_trans_term_1cli.psf cor=multidom/1cli/output/1_i67_post_trans_1cli.cor num=68 trajname=multidom/1cli/output/1_i68_post_trans_1cli resout=multidom/1cli/output/1_i68_post_trans_1cli.res timestp=0.015 batht=310 outcor=multidom/1cli/output/1_i68_post_trans_1cli.cor resin=multidom/1cli/output/1_i67_post_trans_1cli.res steps=10000000 >> multidom/1cli/outfiles/1_post_trans.out
Iteration complete at : 2018-08-26 10:40:20.948170
Elapsed time          : 2507201.67826 s, 2507201.67826/2592000.0=96.7284598095%

Restarting run from   : multidom/1cli/output/1_i68_post_trans_1cli.res
Post-trans command    : /storage/home/dan182/work/software/charmm/executables/c35b5_deby_doubang_pull/charmm < charmm_scripts/post_trans_dwell_binary_reorient.inp traj=1 rand=465868389 top=multidom/1cli/inpfiles/1cli_rnc_complex.top param=multidom/1cli/inpfiles/1cli_rnc_complex.prm psf=multidom/1cli/output/1_r345_trans_term_1cli.psf cor=multidom/1cli/output/1_i68_post_trans_1cli.cor num=69 trajname=multidom/1cli/output/1_i69_post_trans_1cli resout=multidom/1cli/output/1_i69_post_trans_1cli.res timestp=0.015 batht=310 outcor=multidom/1cli/output/1_i69_post_trans_1cli.cor resin=multidom/1cli/output/1_i68_post_trans_1cli.res steps=10000000 >> multidom/1cli/outfiles/1_post_trans.out
Iteration complete at : 2018-08-26 19:40:56.949546
Elapsed time          : 2539637.69075 s, 2539637.69075/2592000.0=97.9798491802%

Restarting run from   : multidom/1cli/output/1_i69_post_trans_1cli.res
Post-trans command    : /storage/home/dan182/work/software/charmm/executables/c35b5_deby_doubang_pull/charmm < charmm_scripts/post_trans_dwell_binary_reorient.inp traj=1 rand=693466384 top=multidom/1cli/inpfiles/1cli_rnc_complex.top param=multidom/1cli/inpfiles/1cli_rnc_complex.prm psf=multidom/1cli/output/1_r345_trans_term_1cli.psf cor=multidom/1cli/output/1_i69_post_trans_1cli.cor num=70 trajname=multidom/1cli/output/1_i70_post_trans_1cli resout=multidom/1cli/output/1_i70_post_trans_1cli.res timestp=0.015 batht=310 outcor=multidom/1cli/output/1_i70_post_trans_1cli.cor resin=multidom/1cli/output/1_i69_post_trans_1cli.res steps=10000000 >> multidom/1cli/outfiles/1_post_trans.out
Iteration complete at : 2018-08-27 04:31:36.757783
Elapsed time          : 2571477.48721 s, 2571477.48721/2592000.0=99.2082363893%

Restarting run from   : multidom/1cli/output/1_i70_post_trans_1cli.res
Post-trans command    : /storage/home/dan182/work/software/charmm/executables/c35b5_deby_doubang_pull/charmm < charmm_scripts/post_trans_dwell_binary_reorient.inp traj=1 rand=298147150 top=multidom/1cli/inpfiles/1cli_rnc_complex.top param=multidom/1cli/inpfiles/1cli_rnc_complex.prm psf=multidom/1cli/output/1_r345_trans_term_1cli.psf cor=multidom/1cli/output/1_i70_post_trans_1cli.cor num=71 trajname=multidom/1cli/output/1_i71_post_trans_1cli resout=multidom/1cli/output/1_i71_post_trans_1cli.res timestp=0.015 batht=310 outcor=multidom/1cli/output/1_i71_post_trans_1cli.cor resin=multidom/1cli/output/1_i70_post_trans_1cli.res steps=10000000 >> multidom/1cli/outfiles/1_post_trans.out
Iteration complete at : 2018-08-27 13:33:20.321962
Elapsed time          : 2603981.06237 s, 2603981.06237/2592000.0=100.462232345%

Normal Termination
